Arguments: 
  C:\Program Files\nodejs\node.exe C:\Program Files (x86)\Yarn\bin\yarn.js add angular angular-ui-router single-spa-angularjs

PATH: 
  C:\Windows\system32;C:\Windows;C:\Windows\System32\Wbem;C:\Windows\System32\WindowsPowerShell\v1.0\;C:\Windows\System32\OpenSSH\;C:\Program Files\nodejs\;C:\Program Files (x86)\Yarn\bin\;C:\Program Files (x86)\NVIDIA Corporation\PhysX\Common;C:\Program Files\NVIDIA Corporation\NVIDIA NvDLISR;C:\Program Files\dotnet\;C:\Program Files\Microsoft SQL Server\130\Tools\Binn\;C:\Program Files\Microsoft SQL Server\Client SDK\ODBC\170\Tools\Binn\;C:\Program Files\Crucial\Crucial Storage Executive;C:\Program Files\Git\cmd;C:\Users\thuannguyen\AppData\Local\Microsoft\WindowsApps;C:\Users\thuannguyen\AppData\Roaming\npm;C:\Users\thuannguyen\AppData\Local\Programs\Microsoft VS Code\bin;C:\Users\thuannguyen\AppData\Local\Yarn\bin

Yarn version: 
  1.17.3

Node version: 
  12.6.0

Platform: 
  win32 x64

Trace: 
  Error: EPERM: operation not permitted, unlink 'D:\Sources\lean\Sites\lean\node_modules\@types\uglify-js\node_modules\source-map'

npm manifest: 
  {
    "name": "lean",
    "version": "1.0.0",
    "description": "",
    "main": "index.js",
    "scripts": {
      "test": "echo \"Error: no test specified\" && exit 1",
      "start": "webpack-dev-server --open",
      "build": "webpack --config webpack.config.js -p"
    },
    "keywords": [],
    "author": "",
    "license": "ISC",
    "dependencies": {
      "react": "^16.9.0",
      "react-dom": "^16.9.0",
      "single-spa": "^4.3.7",
      "single-spa-react": "^2.10.2",
      "single-spa-vue": "^1.5.4",
      "vue": "^2.6.10"
    },
    "devDependencies": {
      "@babel/core": "^7.5.5",
      "@babel/plugin-proposal-object-rest-spread": "^7.5.5",
      "@babel/plugin-syntax-dynamic-import": "^7.2.0",
      "@babel/preset-env": "^7.5.5",
      "@babel/preset-react": "^7.0.0",
      "babel-loader": "^8.0.6",
      "clean-webpack-plugin": "^3.0.0",
      "css-loader": "^3.2.0",
      "html-loader": "^0.5.5",
      "style-loader": "^1.0.0",
      "vue-loader": "^15.7.1",
      "vue-template-compiler": "^2.6.10",
      "webpack": "^4.39.3",
      "webpack-cli": "^3.3.7",
      "webpack-dev-server": "^3.8.0"
    }
  }

yarn manifest: 
  No manifest

Lockfile: 
  No lockfile
